TN:
SF:backend\app.js
FN:11,(anonymous_0)
FNF:1
FNH:0
FNDA:0,(anonymous_0)
DA:1,1
DA:3,1
DA:5,1
DA:8,1
DA:11,1
DA:12,0
DA:16,1
DA:18,1
LF:8
LH:7
BRF:0
BRH:0
end_of_record
TN:
SF:backend\mockDB.js
FN:8,(anonymous_0)
FN:28,(anonymous_1)
FNF:2
FNH:2
FNDA:1,(anonymous_0)
FNDA:1,(anonymous_1)
DA:1,1
DA:3,1
DA:4,1
DA:5,1
DA:6,1
DA:8,1
DA:9,1
DA:10,1
DA:11,1
DA:12,1
DA:13,1
DA:14,1
DA:17,1
DA:23,0
DA:24,0
DA:28,1
DA:29,1
DA:30,1
DA:31,0
DA:32,0
DA:35,0
DA:36,0
DA:40,1
LF:23
LH:17
BRDA:12,0,0,1
BRDA:12,0,1,0
BRDA:31,1,0,0
BRDA:31,1,1,0
BRF:4
BRH:1
end_of_record
TN:
SF:backend\controllers\product.controller.js
FN:4,(anonymous_0)
FN:14,(anonymous_1)
FN:24,(anonymous_2)
FN:34,(anonymous_3)
FN:46,(anonymous_4)
FNF:5
FNH:2
FNDA:0,(anonymous_0)
FNDA:1,(anonymous_1)
FNDA:1,(anonymous_2)
FNDA:0,(anonymous_3)
FNDA:0,(anonymous_4)
DA:1,1
DA:4,1
DA:5,0
DA:6,0
DA:7,0
DA:9,0
DA:14,1
DA:15,1
DA:16,1
DA:17,1
DA:19,0
DA:24,1
DA:25,1
DA:26,1
DA:27,1
DA:29,0
DA:34,1
DA:35,0
DA:36,0
DA:39,0
DA:41,0
DA:46,1
DA:47,0
DA:48,0
DA:49,0
DA:51,0
DA:55,1
LF:27
LH:13
BRF:0
BRH:0
end_of_record
TN:
SF:backend\models\product.model.js
FNF:0
FNH:0
DA:1,1
DA:3,1
DA:6,1
DA:24,1
LF:4
LH:4
BRF:0
BRH:0
end_of_record
TN:
SF:backend\routes\product.route.js
FNF:0
FNH:0
DA:1,1
DA:9,1
DA:11,1
DA:14,1
DA:16,1
DA:18,1
DA:20,1
DA:22,1
DA:24,1
LF:9
LH:9
BRF:0
BRH:0
end_of_record
